<?xml version="1.0" encoding="UTF-8"?>
<testng-results skipped="0" failed="0" ignored="0" total="1" passed="1">
  <reporter-output>
    <line>
      <![CDATA[Element is not present on the form [[ChromeDriver: chrome on WINDOWS (3a344dd595a3939a3ca9a40fc2b50ba0)] -> xpath: //li[contains(text(),'One Way ')]]]]>
    </line>
    <line>
      <![CDATA[Element is not present on the form [[ChromeDriver: chrome on WINDOWS (3a344dd595a3939a3ca9a40fc2b50ba0)] -> id: FromSector_show]]]>
    </line>
  </reporter-output>
  <suite name="EaseMyTrip-Regression" duration-ms="8461" started-at="2020-01-05T14:34:27 IST" finished-at="2020-01-05T14:34:35 IST">
    <groups>
    </groups>
    <test name="Build-SetUp" duration-ms="8461" started-at="2020-01-05T14:34:27 IST" finished-at="2020-01-05T14:34:35 IST">
      <class name="tests.Easemytrip">
        <test-method status="PASS" signature="createReportingFolder()[pri:0, instance:tests.Easemytrip@31f924f5]" name="createReportingFolder" is-config="true" duration-ms="9" started-at="2020-01-05T14:34:27 IST" finished-at="2020-01-05T14:34:27 IST">
          <reporter-output>
          </reporter-output>
        </test-method> <!-- createReportingFolder -->
        <test-method status="PASS" signature="openEaseMyTripURL()[pri:0, instance:tests.Easemytrip@31f924f5]" name="openEaseMyTripURL" duration-ms="8421" started-at="2020-01-05T14:34:27 IST" finished-at="2020-01-05T14:34:35 IST">
          <reporter-output>
            <line>
              <![CDATA[Element is not present on the form [[ChromeDriver: chrome on WINDOWS (3a344dd595a3939a3ca9a40fc2b50ba0)] -> xpath: //li[contains(text(),'One Way ')]]]]>
            </line>
            <line>
              <![CDATA[Element is not present on the form [[ChromeDriver: chrome on WINDOWS (3a344dd595a3939a3ca9a40fc2b50ba0)] -> id: FromSector_show]]]>
            </line>
          </reporter-output>
        </test-method> <!-- openEaseMyTripURL -->
      </class> <!-- tests.Easemytrip -->
    </test> <!-- Build-SetUp -->
  </suite> <!-- EaseMyTrip-Regression -->
</testng-results>
